# JRE version: Java(TM) SE Runtime Environment (8.0_111-b14) (build 1.8.0_111-b14)
# Java VM: Java HotSpot(TM) 64-Bit Server VM (25.111-b14 mixed mode windows-amd64 compressed oops)
Heap:
 PSYoungGen      total 143872K, used 22402K [0x00000000eab00000, 0x00000000fdb00000, 0x0000000100000000)
  eden space 128000K, 7% used [0x00000000eab00000,0x00000000eb4ec340,0x00000000f2800000)
  from space 15872K, 77% used [0x00000000f2800000,0x00000000f33f4888,0x00000000f3780000)
  to   space 27648K, 0% used [0x00000000fc000000,0x00000000fc000000,0x00000000fdb00000)
 ParOldGen       total 88064K, used 44224K [0x00000000c0000000, 0x00000000c5600000, 0x00000000eab00000)
  object space 88064K, 50% used [0x00000000c0000000,0x00000000c2b302a0,0x00000000c5600000)
 Metaspace       used 6464K, capacity 7256K, committed 7424K, reserved 1056768K
  class space    used 632K, capacity 656K, committed 768K, reserved 1048576K
GC Heap History (10 events):
Event: 20.638 GC heap before
{Heap before GC invocations=4 (full 0):
 PSYoungGen      total 35328K, used 35321K [0x00000000eab00000, 0x00000000ef000000, 0x0000000100000000)
  eden space 32768K, 100% used [0x00000000eab00000,0x00000000ecb00000,0x00000000ecb00000)
  from space 2560K, 99% used [0x00000000ecb00000,0x00000000ecd7e628,0x00000000ecd80000)
  to   space 2560K, 0% used [0x00000000eed80000,0x00000000eed80000,0x00000000ef000000)
 ParOldGen       total 44032K, used 9179K [0x00000000c0000000, 0x00000000c2b00000, 0x00000000eab00000)
  object space 44032K, 20% used [0x00000000c0000000,0x00000000c08f6e30,0x00000000c2b00000)
 Metaspace       used 6206K, capacity 7096K, committed 7296K, reserved 1056768K
  class space    used 610K, capacity 624K, committed 640K, reserved 1048576K
Event: 20.791 GC heap after
Heap after GC invocations=4 (full 0):
 PSYoungGen      total 68096K, used 2552K [0x00000000eab00000, 0x00000000ef000000, 0x0000000100000000)
  eden space 65536K, 0% used [0x00000000eab00000,0x00000000eab00000,0x00000000eeb00000)
  from space 2560K, 99% used [0x00000000eed80000,0x00000000eeffe198,0x00000000ef000000)
  to   space 2560K, 0% used [0x00000000eeb00000,0x00000000eeb00000,0x00000000eed80000)
 ParOldGen       total 44032K, used 14208K [0x00000000c0000000, 0x00000000c2b00000, 0x00000000eab00000)
  object space 44032K, 32% used [0x00000000c0000000,0x00000000c0de0218,0x00000000c2b00000)
 Metaspace       used 6206K, capacity 7096K, committed 7296K, reserved 1056768K
  class space    used 610K, capacity 624K, committed 640K, reserved 1048576K
}
Event: 32.627 GC heap before
{Heap before GC invocations=5 (full 0):
 PSYoungGen      total 68096K, used 68088K [0x00000000eab00000, 0x00000000ef000000, 0x0000000100000000)
  eden space 65536K, 100% used [0x00000000eab00000,0x00000000eeb00000,0x00000000eeb00000)
  from space 2560K, 99% used [0x00000000eed80000,0x00000000eeffe198,0x00000000ef000000)
  to   space 2560K, 0% used [0x00000000eeb00000,0x00000000eeb00000,0x00000000eed80000)
 ParOldGen       total 44032K, used 14208K [0x00000000c0000000, 0x00000000c2b00000, 0x00000000eab00000)
  object space 44032K, 32% used [0x00000000c0000000,0x00000000c0de0218,0x00000000c2b00000)
 Metaspace       used 6348K, capacity 7192K, committed 7424K, reserved 1056768K
  class space    used 631K, capacity 656K, committed 768K, reserved 1048576K
Event: 32.942 GC heap after
Heap after GC invocations=5 (full 0):
 PSYoungGen      total 68096K, used 2534K [0x00000000eab00000, 0x00000000f4400000, 0x0000000100000000)
  eden space 65536K, 0% used [0x00000000eab00000,0x00000000eab00000,0x00000000eeb00000)
  from space 2560K, 99% used [0x00000000eeb00000,0x00000000eed799b8,0x00000000eed80000)
  to   space 12800K, 0% used [0x00000000f3780000,0x00000000f3780000,0x00000000f4400000)
 ParOldGen       total 44032K, used 24545K [0x00000000c0000000, 0x00000000c2b00000, 0x00000000eab00000)
  object space 44032K, 55% used [0x00000000c0000000,0x00000000c17f8788,0x00000000c2b00000)
 Metaspace       used 6348K, capacity 7192K, committed 7424K, reserved 1056768K
  class space    used 631K, capacity 656K, committed 768K, reserved 1048576K
}
Event: 43.587 GC heap before
{Heap before GC invocations=6 (full 0):
 PSYoungGen      total 68096K, used 68070K [0x00000000eab00000, 0x00000000f4400000, 0x0000000100000000)
  eden space 65536K, 100% used [0x00000000eab00000,0x00000000eeb00000,0x00000000eeb00000)
  from space 2560K, 99% used [0x00000000eeb00000,0x00000000eed799b8,0x00000000eed80000)
  to   space 12800K, 0% used [0x00000000f3780000,0x00000000f3780000,0x00000000f4400000)
 ParOldGen       total 44032K, used 24545K [0x00000000c0000000, 0x00000000c2b00000, 0x00000000eab00000)
  object space 44032K, 55% used [0x00000000c0000000,0x00000000c17f8788,0x00000000c2b00000)
 Metaspace       used 6417K, capacity 7192K, committed 7424K, reserved 1056768K
  class space    used 631K, capacity 656K, committed 768K, reserved 1048576K
Event: 43.927 GC heap after
Heap after GC invocations=6 (full 0):
 PSYoungGen      total 140800K, used 12798K [0x00000000eab00000, 0x00000000f4a00000, 0x0000000100000000)
  eden space 128000K, 0% used [0x00000000eab00000,0x00000000eab00000,0x00000000f2800000)
  from space 12800K, 99% used [0x00000000f3780000,0x00000000f43ffb40,0x00000000f4400000)
  to   space 15872K, 0% used [0x00000000f2800000,0x00000000f2800000,0x00000000f3780000)
 ParOldGen       total 44032K, used 25633K [0x00000000c0000000, 0x00000000c2b00000, 0x00000000eab00000)
  object space 44032K, 58% used [0x00000000c0000000,0x00000000c1908760,0x00000000c2b00000)
 Metaspace       used 6417K, capacity 7192K, committed 7424K, reserved 1056768K
  class space    used 631K, capacity 656K, committed 768K, reserved 1048576K
}
Event: 58.842 GC heap before
{Heap before GC invocations=7 (full 0):
 PSYoungGen      total 140800K, used 140798K [0x00000000eab00000, 0x00000000f4a00000, 0x0000000100000000)
  eden space 128000K, 100% used [0x00000000eab00000,0x00000000f2800000,0x00000000f2800000)
  from space 12800K, 99% used [0x00000000f3780000,0x00000000f43ffb40,0x00000000f4400000)
  to   space 15872K, 0% used [0x00000000f2800000,0x00000000f2800000,0x00000000f3780000)
 ParOldGen       total 44032K, used 25633K [0x00000000c0000000, 0x00000000c2b00000, 0x00000000eab00000)
  object space 44032K, 58% used [0x00000000c0000000,0x00000000c1908760,0x00000000c2b00000)
 Metaspace       used 6461K, capacity 7256K, committed 7424K, reserved 1056768K
  class space    used 632K, capacity 656K, committed 768K, reserved 1048576K
Event: 59.196 GC heap after
Heap after GC invocations=7 (full 0):
 PSYoungGen      total 143872K, used 15848K [0x00000000eab00000, 0x00000000fdb00000, 0x0000000100000000)
  eden space 128000K, 0% used [0x00000000eab00000,0x00000000eab00000,0x00000000f2800000)
  from space 15872K, 99% used [0x00000000f2800000,0x00000000f377a3f0,0x00000000f3780000)
  to   space 27648K, 0% used [0x00000000fc000000,0x00000000fc000000,0x00000000fdb00000)
 ParOldGen       total 44544K, used 44269K [0x00000000c0000000, 0x00000000c2b80000, 0x00000000eab00000)
  object space 44544K, 99% used [0x00000000c0000000,0x00000000c2b3b668,0x00000000c2b80000)
 Metaspace       used 6461K, capacity 7256K, committed 7424K, reserved 1056768K
  class space    used 632K, capacity 656K, committed 768K, reserved 1048576K
}
Event: 59.196 GC heap before
{Heap before GC invocations=8 (full 1):
 PSYoungGen      total 143872K, used 15848K [0x00000000eab00000, 0x00000000fdb00000, 0x0000000100000000)
  eden space 128000K, 0% used [0x00000000eab00000,0x00000000eab00000,0x00000000f2800000)
  from space 15872K, 99% used [0x00000000f2800000,0x00000000f377a3f0,0x00000000f3780000)
  to   space 27648K, 0% used [0x00000000fc000000,0x00000000fc000000,0x00000000fdb00000)
 ParOldGen       total 44544K, used 44269K [0x00000000c0000000, 0x00000000c2b80000, 0x00000000eab00000)
  object space 44544K, 99% used [0x00000000c0000000,0x00000000c2b3b668,0x00000000c2b80000)
 Metaspace       used 6461K, capacity 7256K, committed 7424K, reserved 1056768K
  class space    used 632K, capacity 656K, committed 768K, reserved 1048576K
Event: 63.697 GC heap after
Heap after GC invocations=8 (full 1):
 PSYoungGen      total 143872K, used 12242K [0x00000000eab00000, 0x00000000fdb00000, 0x0000000100000000)
  eden space 128000K, 0% used [0x00000000eab00000,0x00000000eab00000,0x00000000f2800000)
  from space 15872K, 77% used [0x00000000f2800000,0x00000000f33f4888,0x00000000f3780000)
  to   space 27648K, 0% used [0x00000000fc000000,0x00000000fc000000,0x00000000fdb00000)
 ParOldGen       total 88064K, used 44224K [0x00000000c0000000, 0x00000000c5600000, 0x00000000eab00000)
  object space 88064K, 50% used [0x00000000c0000000,0x00000000c2b302a0,0x00000000c5600000)
 Metaspace       used 6461K, capacity 7256K, committed 7424K, reserved 1056768K
  class space    used 632K, capacity 656K, committed 768K, reserved 1048576K
}

